<?xml version="1.0" encoding="UTF-8"?>
<testsuite xmlns:xsi="http://www.w3.org/2001/XMLSchema-instance" xsi:noNamespaceSchemaLocation="https://maven.apache.org/surefire/maven-surefire-plugin/xsd/surefire-test-report-3.0.xsd" version="3.0" name="runners.CucumberRunner" time="2.237" tests="1" errors="0" skipped="0" failures="1">
  <properties>
[...]
</properties>
  <testcase name="Consultar uma restrição utilizando CPF" classname="Consultar uma restrição utilizando um CPF" time="1.933">
    <failure message="expected:&lt;O CPF 97093236014 [possui restrição]&gt; but was:&lt;O CPF 97093236014 [tem problema]&gt;" type="org.junit.ComparisonFailure"><![CDATA[org.junit.ComparisonFailure: expected:<O CPF 97093236014 [possui restrição]> but was:<O CPF 97093236014 [tem problema]>
]]></failure>
    <system-out><![CDATA[Funcionalidade: Consultar uma restrição utilizando um CPF
    Como usuário da API de consulta de restrições
    Carlos deseja consultar um CPF
    Para saber se há uma restrição no CPF

  Contexto:                                                             &amp#27;[90m# src/test/resources/features/restricoes.feature:8&amp#27;[0m
    &amp#27;[32mDado &amp#27;[0m&amp#27;[32mque Carlos tem acesso as funcionalidades referente a restrição&amp#27;[0m &amp#27;[90m# RestricoesSteps.queCarlosTemAcessoAsFuncionalidadesReferenteARestrição()&amp#27;[0m

  @consultaRestricao @todos
  Cenário: Consultar uma restrição utilizando CPF                           &amp#27;[90m# src/test/resources/features/restricoes.feature:12&amp#27;[0m
    &amp#27;[32mQuando &amp#27;[0m&amp#27;[32mCarlos consultar uma restrição utilizando o CPF&amp#27;[0m                  &amp#27;[90m# RestricoesSteps.carlosConsultarUmaRestriçãoUtilizandoOCPF()&amp#27;[0m
    &amp#27;[31mEntão &amp#27;[0m&amp#27;[31mserá retornado uma mensagem informando que o CPF possui restrição&amp#27;[0m &amp#27;[90m# RestricoesSteps.seráRetornadoUmaMensagemInformandoQueOCPFPossuiRestrição()&amp#27;[0m
      &amp#27;[31morg.junit.ComparisonFailure: expected:<O CPF 97093236014 [possui restrição]> but was:<O CPF 97093236014 [tem problema]>
	at org.junit.Assert.assertEquals(Assert.java:115)
	at org.junit.Assert.assertEquals(Assert.java:144)
	at actions.RestricoesAction.validarRestricao(RestricoesAction.java:40)
	at steps.RestricoesSteps.seráRetornadoUmaMensagemInformandoQueOCPFPossuiRestrição(RestricoesSteps.java:23)
	at ✽.será retornado uma mensagem informando que o CPF possui restrição(file:src/test/resources/features/restricoes.feature:14)
&amp#27;[0m
]]></system-out>
  </testcase>
</testsuite>